<?xml version="1.0" encoding="UTF-8" ?>
<testsuite tests="54" failures="0" name="org.isodos.b01.practicados_ejerciciouno.com.iso2b01.testingej1.TestEjercicio1" time="0.022" errors="0" skipped="0">
  <properties>
[...]
</properties>
  <testcase classname="org.isodos.b01.practicados_ejerciciouno.com.iso2b01.testingej1.TestEjercicio1" name="testPrincipal1" time="0.009"/>
  <testcase classname="org.isodos.b01.practicados_ejerciciouno.com.iso2b01.testingej1.TestEjercicio1" name="testPrincipal2" time="0"/>
  <testcase classname="org.isodos.b01.practicados_ejerciciouno.com.iso2b01.testingej1.TestEjercicio1" name="testPrincipal3" time="0.002"/>
  <testcase classname="org.isodos.b01.practicados_ejerciciouno.com.iso2b01.testingej1.TestEjercicio1" name="testPrincipal4" time="0"/>
  <testcase classname="org.isodos.b01.practicados_ejerciciouno.com.iso2b01.testingej1.TestEjercicio1" name="testPrincipal5" time="0.001"/>
  <testcase classname="org.isodos.b01.practicados_ejerciciouno.com.iso2b01.testingej1.TestEjercicio1" name="testPrincipal6" time="0"/>
  <testcase classname="org.isodos.b01.practicados_ejerciciouno.com.iso2b01.testingej1.TestEjercicio1" name="testPrincipal7" time="0"/>
  <testcase classname="org.isodos.b01.practicados_ejerciciouno.com.iso2b01.testingej1.TestEjercicio1" name="testPrincipal8" time="0"/>
  <testcase classname="org.isodos.b01.practicados_ejerciciouno.com.iso2b01.testingej1.TestEjercicio1" name="testPrincipal9" time="0.001"/>
  <testcase classname="org.isodos.b01.practicados_ejerciciouno.com.iso2b01.testingej1.TestEjercicio1" name="testPrincipal10" time="0"/>
  <testcase classname="org.isodos.b01.practicados_ejerciciouno.com.iso2b01.testingej1.TestEjercicio1" name="testPrincipal11" time="0"/>
  <testcase classname="org.isodos.b01.practicados_ejerciciouno.com.iso2b01.testingej1.TestEjercicio1" name="testPrincipal12" time="0.001"/>
  <testcase classname="org.isodos.b01.practicados_ejerciciouno.com.iso2b01.testingej1.TestEjercicio1" name="testPrincipal13" time="0"/>
  <testcase classname="org.isodos.b01.practicados_ejerciciouno.com.iso2b01.testingej1.TestEjercicio1" name="testPrincipal14" time="0"/>
  <testcase classname="org.isodos.b01.practicados_ejerciciouno.com.iso2b01.testingej1.TestEjercicio1" name="testPrincipal15" time="0"/>
  <testcase classname="org.isodos.b01.practicados_ejerciciouno.com.iso2b01.testingej1.TestEjercicio1" name="testPrincipal16" time="0"/>
  <testcase classname="org.isodos.b01.practicados_ejerciciouno.com.iso2b01.testingej1.TestEjercicio1" name="testPrincipal17" time="0"/>
  <testcase classname="org.isodos.b01.practicados_ejerciciouno.com.iso2b01.testingej1.TestEjercicio1" name="testPrincipal18" time="0"/>
  <testcase classname="org.isodos.b01.practicados_ejerciciouno.com.iso2b01.testingej1.TestEjercicio1" name="testPrincipal19" time="0"/>
  <testcase classname="org.isodos.b01.practicados_ejerciciouno.com.iso2b01.testingej1.TestEjercicio1" name="testPrincipal20" time="0"/>
  <testcase classname="org.isodos.b01.practicados_ejerciciouno.com.iso2b01.testingej1.TestEjercicio1" name="testPrincipal21" time="0.002"/>
  <testcase classname="org.isodos.b01.practicados_ejerciciouno.com.iso2b01.testingej1.TestEjercicio1" name="testPrincipal22" time="0.001"/>
  <testcase classname="org.isodos.b01.practicados_ejerciciouno.com.iso2b01.testingej1.TestEjercicio1" name="testPrincipal23" time="0"/>
  <testcase classname="org.isodos.b01.practicados_ejerciciouno.com.iso2b01.testingej1.TestEjercicio1" name="testPrincipal24" time="0.001"/>
  <testcase classname="org.isodos.b01.practicados_ejerciciouno.com.iso2b01.testingej1.TestEjercicio1" name="testPrincipal25" time="0"/>
  <testcase classname="org.isodos.b01.practicados_ejerciciouno.com.iso2b01.testingej1.TestEjercicio1" name="testPrincipal26" time="0"/>
  <testcase classname="org.isodos.b01.practicados_ejerciciouno.com.iso2b01.testingej1.TestEjercicio1" name="testPrincipal27" time="0"/>
  <testcase classname="org.isodos.b01.practicados_ejerciciouno.com.iso2b01.testingej1.TestEjercicio1" name="testPrincipal28" time="0"/>
  <testcase classname="org.isodos.b01.practicados_ejerciciouno.com.iso2b01.testingej1.TestEjercicio1" name="testPrincipal29" time="0.001"/>
  <testcase classname="org.isodos.b01.practicados_ejerciciouno.com.iso2b01.testingej1.TestEjercicio1" name="testPrincipal30" time="0"/>
  <testcase classname="org.isodos.b01.practicados_ejerciciouno.com.iso2b01.testingej1.TestEjercicio1" name="testPrincipal31" time="0"/>
  <testcase classname="org.isodos.b01.practicados_ejerciciouno.com.iso2b01.testingej1.TestEjercicio1" name="testPrincipal32" time="0"/>
  <testcase classname="org.isodos.b01.practicados_ejerciciouno.com.iso2b01.testingej1.TestEjercicio1" name="testPrincipal33" time="0"/>
  <testcase classname="org.isodos.b01.practicados_ejerciciouno.com.iso2b01.testingej1.TestEjercicio1" name="testPrincipal34" time="0"/>
  <testcase classname="org.isodos.b01.practicados_ejerciciouno.com.iso2b01.testingej1.TestEjercicio1" name="testPrincipal35" time="0"/>
  <testcase classname="org.isodos.b01.practicados_ejerciciouno.com.iso2b01.testingej1.TestEjercicio1" name="testPrincipal36" time="0.001"/>
  <testcase classname="org.isodos.b01.practicados_ejerciciouno.com.iso2b01.testingej1.TestEjercicio1" name="testPrincipal37" time="0"/>
  <testcase classname="org.isodos.b01.practicados_ejerciciouno.com.iso2b01.testingej1.TestEjercicio1" name="testPrincipal38" time="0"/>
  <testcase classname="org.isodos.b01.practicados_ejerciciouno.com.iso2b01.testingej1.TestEjercicio1" name="testPrincipal39" time="0"/>
  <testcase classname="org.isodos.b01.practicados_ejerciciouno.com.iso2b01.testingej1.TestEjercicio1" name="testPrincipal40" time="0"/>
  <testcase classname="org.isodos.b01.practicados_ejerciciouno.com.iso2b01.testingej1.TestEjercicio1" name="testPrincipal41" time="0"/>
  <testcase classname="org.isodos.b01.practicados_ejerciciouno.com.iso2b01.testingej1.TestEjercicio1" name="testPrincipal42" time="0"/>
  <testcase classname="org.isodos.b01.practicados_ejerciciouno.com.iso2b01.testingej1.TestEjercicio1" name="testPrincipal43" time="0"/>
  <testcase classname="org.isodos.b01.practicados_ejerciciouno.com.iso2b01.testingej1.TestEjercicio1" name="testPrincipal44" time="0"/>
  <testcase classname="org.isodos.b01.practicados_ejerciciouno.com.iso2b01.testingej1.TestEjercicio1" name="testPrincipal45" time="0"/>
  <testcase classname="org.isodos.b01.practicados_ejerciciouno.com.iso2b01.testingej1.TestEjercicio1" name="testPrincipal46" time="0.001"/>
  <testcase classname="org.isodos.b01.practicados_ejerciciouno.com.iso2b01.testingej1.TestEjercicio1" name="testPrincipal47" time="0"/>
  <testcase classname="org.isodos.b01.practicados_ejerciciouno.com.iso2b01.testingej1.TestEjercicio1" name="testPrincipal48" time="0"/>
  <testcase classname="org.isodos.b01.practicados_ejerciciouno.com.iso2b01.testingej1.TestEjercicio1" name="testPrincipal49" time="0"/>
  <testcase classname="org.isodos.b01.practicados_ejerciciouno.com.iso2b01.testingej1.TestEjercicio1" name="testPrincipal50" time="0"/>
  <testcase classname="org.isodos.b01.practicados_ejerciciouno.com.iso2b01.testingej1.TestEjercicio1" name="testPrincipal51" time="0.001"/>
  <testcase classname="org.isodos.b01.practicados_ejerciciouno.com.iso2b01.testingej1.TestEjercicio1" name="testPrincipal52" time="0"/>
  <testcase classname="org.isodos.b01.practicados_ejerciciouno.com.iso2b01.testingej1.TestEjercicio1" name="testPrincipal53" time="0"/>
  <testcase classname="org.isodos.b01.practicados_ejerciciouno.com.iso2b01.testingej1.TestEjercicio1" name="testPrincipal54" time="0"/>
</testsuite>